mode: set
github.com/soapiestwaffles/s3-nuke/internal/pkg/assets/assets.go:13.13,17.2 2 1
github.com/soapiestwaffles/s3-nuke/internal/pkg/generators/phrase.go:10.42,13.32 2 1
github.com/soapiestwaffles/s3-nuke/internal/pkg/generators/phrase.go:13.32,15.3 1 1
github.com/soapiestwaffles/s3-nuke/internal/pkg/generators/phrase.go:17.2,17.33 1 1
github.com/soapiestwaffles/s3-nuke/main.go:45.13,50.60 2 0
github.com/soapiestwaffles/s3-nuke/main.go:50.60,51.62 1 0
github.com/soapiestwaffles/s3-nuke/main.go:51.62,53.4 1 0
github.com/soapiestwaffles/s3-nuke/main.go:56.2,59.17 2 0
github.com/soapiestwaffles/s3-nuke/main.go:59.17,66.3 6 0
github.com/soapiestwaffles/s3-nuke/main.go:68.2,68.27 1 0
github.com/soapiestwaffles/s3-nuke/main.go:68.27,70.3 1 0
github.com/soapiestwaffles/s3-nuke/main.go:72.2,75.15 3 0
github.com/soapiestwaffles/s3-nuke/main.go:75.15,78.3 2 0
github.com/soapiestwaffles/s3-nuke/main.go:78.8,78.21 1 0
github.com/soapiestwaffles/s3-nuke/main.go:78.21,80.3 1 0
github.com/soapiestwaffles/s3-nuke/main.go:80.8,82.3 1 0
github.com/soapiestwaffles/s3-nuke/main.go:85.2,92.16 6 0
github.com/soapiestwaffles/s3-nuke/main.go:92.16,94.3 1 0
github.com/soapiestwaffles/s3-nuke/main.go:95.2,101.23 5 0
github.com/soapiestwaffles/s3-nuke/main.go:101.23,104.3 2 0
github.com/soapiestwaffles/s3-nuke/main.go:107.2,109.16 3 0
github.com/soapiestwaffles/s3-nuke/main.go:109.16,112.3 2 0
github.com/soapiestwaffles/s3-nuke/main.go:113.2,117.16 3 0
github.com/soapiestwaffles/s3-nuke/main.go:117.16,119.3 1 0
github.com/soapiestwaffles/s3-nuke/main.go:120.2,123.16 4 0
github.com/soapiestwaffles/s3-nuke/main.go:123.16,126.3 2 0
github.com/soapiestwaffles/s3-nuke/main.go:127.2,135.16 5 0
github.com/soapiestwaffles/s3-nuke/main.go:135.16,137.3 1 0
github.com/soapiestwaffles/s3-nuke/main.go:138.2,142.69 4 0
github.com/soapiestwaffles/s3-nuke/main.go:142.69,146.3 3 0
github.com/soapiestwaffles/s3-nuke/main.go:146.8,148.3 1 0
github.com/soapiestwaffles/s3-nuke/main.go:151.2,156.31 4 0
github.com/soapiestwaffles/s3-nuke/main.go:156.31,160.3 3 0
github.com/soapiestwaffles/s3-nuke/main.go:163.2,168.50 3 0
github.com/soapiestwaffles/s3-nuke/main.go:168.50,171.3 2 0
github.com/soapiestwaffles/s3-nuke/main.go:173.2,177.16 4 0
github.com/soapiestwaffles/s3-nuke/main.go:177.16,180.3 2 0
github.com/soapiestwaffles/s3-nuke/main.go:185.97,191.16 5 0
github.com/soapiestwaffles/s3-nuke/main.go:191.16,193.3 1 0
github.com/soapiestwaffles/s3-nuke/main.go:195.2,201.12 7 0
github.com/soapiestwaffles/s3-nuke/main.go:201.12,202.46 1 0
github.com/soapiestwaffles/s3-nuke/main.go:202.46,204.4 1 0
github.com/soapiestwaffles/s3-nuke/main.go:205.3,205.20 1 0
github.com/soapiestwaffles/s3-nuke/main.go:208.2,209.12 2 0
github.com/soapiestwaffles/s3-nuke/main.go:209.12,210.50 1 0
github.com/soapiestwaffles/s3-nuke/main.go:210.50,217.31 4 0
github.com/soapiestwaffles/s3-nuke/main.go:217.31,222.5 1 0
github.com/soapiestwaffles/s3-nuke/main.go:224.4,224.97 1 0
github.com/soapiestwaffles/s3-nuke/main.go:226.3,226.20 1 0
github.com/soapiestwaffles/s3-nuke/main.go:229.2,229.20 1 0
github.com/soapiestwaffles/s3-nuke/main.go:229.20,236.17 4 0
github.com/soapiestwaffles/s3-nuke/main.go:236.17,238.4 1 0
github.com/soapiestwaffles/s3-nuke/main.go:239.3,241.13 2 0
github.com/soapiestwaffles/s3-nuke/main.go:244.2,244.35 1 0
github.com/soapiestwaffles/s3-nuke/main.go:244.35,245.21 1 0
github.com/soapiestwaffles/s3-nuke/main.go:245.21,251.18 3 0
github.com/soapiestwaffles/s3-nuke/main.go:251.18,253.5 1 0
github.com/soapiestwaffles/s3-nuke/main.go:254.4,256.14 3 0
github.com/soapiestwaffles/s3-nuke/main.go:260.2,260.33 1 0
github.com/soapiestwaffles/s3-nuke/main.go:260.33,263.3 2 0
github.com/soapiestwaffles/s3-nuke/main.go:265.2,275.12 9 0
github.com/soapiestwaffles/s3-nuke/internal/pkg/ui/tui/prompts.go:15.63,22.28 2 1
github.com/soapiestwaffles/s3-nuke/internal/pkg/ui/tui/prompts.go:22.28,27.3 1 1
github.com/soapiestwaffles/s3-nuke/internal/pkg/ui/tui/prompts.go:29.2,40.49 2 1
github.com/soapiestwaffles/s3-nuke/internal/pkg/ui/tui/prompts.go:40.49,46.3 4 0
github.com/soapiestwaffles/s3-nuke/internal/pkg/ui/tui/prompts.go:48.2,58.16 3 1
github.com/soapiestwaffles/s3-nuke/internal/pkg/ui/tui/prompts.go:58.16,60.3 1 1
github.com/soapiestwaffles/s3-nuke/internal/pkg/ui/tui/prompts.go:62.2,62.30 1 0
github.com/soapiestwaffles/s3-nuke/internal/pkg/ui/tui/prompts.go:66.32,75.16 5 1
github.com/soapiestwaffles/s3-nuke/internal/pkg/ui/tui/prompts.go:75.16,77.3 1 1
github.com/soapiestwaffles/s3-nuke/internal/pkg/ui/tui/prompts.go:79.2,79.39 1 0
github.com/soapiestwaffles/s3-nuke/internal/pkg/ui/tui/prompts.go:79.39,81.3 1 0
github.com/soapiestwaffles/s3-nuke/internal/pkg/ui/tui/prompts.go:83.2,83.13 1 0
github.com/soapiestwaffles/s3-nuke/internal/pkg/ui/tui/prompts.go:99.53,101.37 2 1
github.com/soapiestwaffles/s3-nuke/internal/pkg/ui/tui/prompts.go:101.37,103.3 1 1
github.com/soapiestwaffles/s3-nuke/internal/pkg/ui/tui/prompts.go:104.2,104.27 1 1
github.com/soapiestwaffles/s3-nuke/internal/pkg/ui/tui/prompts.go:108.38,110.2 1 1
github.com/soapiestwaffles/s3-nuke/pkg/aws/config/config.go:12.45,13.32 1 1
github.com/soapiestwaffles/s3-nuke/pkg/aws/config/config.go:13.32,15.3 1 1
github.com/soapiestwaffles/s3-nuke/pkg/aws/config/config.go:17.2,17.105 1 1
github.com/soapiestwaffles/s3-nuke/pkg/aws/cloudwatch/cloudwatch.go:83.48,85.27 2 1
github.com/soapiestwaffles/s3-nuke/pkg/aws/cloudwatch/cloudwatch.go:85.27,87.3 1 1
github.com/soapiestwaffles/s3-nuke/pkg/aws/cloudwatch/cloudwatch.go:89.2,89.23 1 1
github.com/soapiestwaffles/s3-nuke/pkg/aws/cloudwatch/cloudwatch.go:89.23,90.23 1 1
github.com/soapiestwaffles/s3-nuke/pkg/aws/cloudwatch/cloudwatch.go:90.23,92.4 1 1
github.com/soapiestwaffles/s3-nuke/pkg/aws/cloudwatch/cloudwatch.go:92.9,94.4 1 1
github.com/soapiestwaffles/s3-nuke/pkg/aws/cloudwatch/cloudwatch.go:97.2,97.12 1 1
github.com/soapiestwaffles/s3-nuke/pkg/aws/cloudwatch/cloudwatch.go:102.50,103.26 1 1
github.com/soapiestwaffles/s3-nuke/pkg/aws/cloudwatch/cloudwatch.go:103.26,105.3 1 1
github.com/soapiestwaffles/s3-nuke/pkg/aws/cloudwatch/cloudwatch.go:110.56,111.26 1 1
github.com/soapiestwaffles/s3-nuke/pkg/aws/cloudwatch/cloudwatch.go:111.26,113.3 1 1
github.com/soapiestwaffles/s3-nuke/pkg/aws/cloudwatch/cloudwatch.go:117.46,118.26 1 1
github.com/soapiestwaffles/s3-nuke/pkg/aws/cloudwatch/cloudwatch.go:118.26,120.3 1 1
github.com/soapiestwaffles/s3-nuke/pkg/aws/cloudwatch/cloudwatch.go:123.70,126.16 2 1
github.com/soapiestwaffles/s3-nuke/pkg/aws/cloudwatch/cloudwatch.go:126.16,128.3 1 0
github.com/soapiestwaffles/s3-nuke/pkg/aws/cloudwatch/cloudwatch.go:130.2,130.67 1 1
github.com/soapiestwaffles/s3-nuke/pkg/aws/cloudwatch/cloudwatch.go:130.67,131.24 1 1
github.com/soapiestwaffles/s3-nuke/pkg/aws/cloudwatch/cloudwatch.go:131.24,133.4 1 1
github.com/soapiestwaffles/s3-nuke/pkg/aws/cloudwatch/cloudwatch.go:137.140,141.6 3 1
github.com/soapiestwaffles/s3-nuke/pkg/aws/cloudwatch/cloudwatch.go:141.6,173.17 2 1
github.com/soapiestwaffles/s3-nuke/pkg/aws/cloudwatch/cloudwatch.go:173.17,175.4 1 1
github.com/soapiestwaffles/s3-nuke/pkg/aws/cloudwatch/cloudwatch.go:178.3,178.46 1 1
github.com/soapiestwaffles/s3-nuke/pkg/aws/cloudwatch/cloudwatch.go:178.46,181.4 2 1
github.com/soapiestwaffles/s3-nuke/pkg/aws/cloudwatch/cloudwatch.go:184.3,184.30 1 1
github.com/soapiestwaffles/s3-nuke/pkg/aws/cloudwatch/cloudwatch.go:184.30,185.9 1 1
github.com/soapiestwaffles/s3-nuke/pkg/aws/cloudwatch/cloudwatch.go:187.3,187.31 1 1
github.com/soapiestwaffles/s3-nuke/pkg/aws/cloudwatch/cloudwatch.go:190.2,190.26 1 1
github.com/soapiestwaffles/s3-nuke/pkg/aws/cloudwatch/cloudwatch.go:193.161,197.6 3 1
github.com/soapiestwaffles/s3-nuke/pkg/aws/cloudwatch/cloudwatch.go:197.6,229.17 2 1
github.com/soapiestwaffles/s3-nuke/pkg/aws/cloudwatch/cloudwatch.go:229.17,231.4 1 1
github.com/soapiestwaffles/s3-nuke/pkg/aws/cloudwatch/cloudwatch.go:234.3,234.46 1 1
github.com/soapiestwaffles/s3-nuke/pkg/aws/cloudwatch/cloudwatch.go:234.46,237.4 2 1
github.com/soapiestwaffles/s3-nuke/pkg/aws/cloudwatch/cloudwatch.go:240.3,240.30 1 1
github.com/soapiestwaffles/s3-nuke/pkg/aws/cloudwatch/cloudwatch.go:240.30,241.9 1 1
github.com/soapiestwaffles/s3-nuke/pkg/aws/cloudwatch/cloudwatch.go:243.3,243.31 1 1
github.com/soapiestwaffles/s3-nuke/pkg/aws/cloudwatch/cloudwatch.go:246.2,246.26 1 1
github.com/soapiestwaffles/s3-nuke/pkg/aws/s3/s3.go:92.48,94.27 2 1
github.com/soapiestwaffles/s3-nuke/pkg/aws/s3/s3.go:94.27,96.3 1 1
github.com/soapiestwaffles/s3-nuke/pkg/aws/s3/s3.go:98.2,98.23 1 1
github.com/soapiestwaffles/s3-nuke/pkg/aws/s3/s3.go:98.23,99.23 1 1
github.com/soapiestwaffles/s3-nuke/pkg/aws/s3/s3.go:99.23,101.4 1 1
github.com/soapiestwaffles/s3-nuke/pkg/aws/s3/s3.go:101.9,103.4 1 1
github.com/soapiestwaffles/s3-nuke/pkg/aws/s3/s3.go:106.2,106.12 1 1
github.com/soapiestwaffles/s3-nuke/pkg/aws/s3/s3.go:111.46,112.26 1 1
github.com/soapiestwaffles/s3-nuke/pkg/aws/s3/s3.go:112.26,114.3 1 1
github.com/soapiestwaffles/s3-nuke/pkg/aws/s3/s3.go:119.56,120.26 1 1
github.com/soapiestwaffles/s3-nuke/pkg/aws/s3/s3.go:120.26,122.3 1 1
github.com/soapiestwaffles/s3-nuke/pkg/aws/s3/s3.go:126.46,127.26 1 1
github.com/soapiestwaffles/s3-nuke/pkg/aws/s3/s3.go:127.26,129.3 1 1
github.com/soapiestwaffles/s3-nuke/pkg/aws/s3/s3.go:132.72,135.16 3 1
github.com/soapiestwaffles/s3-nuke/pkg/aws/s3/s3.go:135.16,137.3 1 1
github.com/soapiestwaffles/s3-nuke/pkg/aws/s3/s3.go:139.2,140.35 2 1
github.com/soapiestwaffles/s3-nuke/pkg/aws/s3/s3.go:140.35,147.3 1 1
github.com/soapiestwaffles/s3-nuke/pkg/aws/s3/s3.go:149.2,149.21 1 1
github.com/soapiestwaffles/s3-nuke/pkg/aws/s3/s3.go:152.115,160.16 2 1
github.com/soapiestwaffles/s3-nuke/pkg/aws/s3/s3.go:160.16,162.3 1 1
github.com/soapiestwaffles/s3-nuke/pkg/aws/s3/s3.go:164.2,164.15 1 1
github.com/soapiestwaffles/s3-nuke/pkg/aws/s3/s3.go:164.15,171.17 2 1
github.com/soapiestwaffles/s3-nuke/pkg/aws/s3/s3.go:171.17,173.4 1 0
github.com/soapiestwaffles/s3-nuke/pkg/aws/s3/s3.go:176.2,176.12 1 1
github.com/soapiestwaffles/s3-nuke/pkg/aws/s3/s3.go:179.133,186.16 2 1
github.com/soapiestwaffles/s3-nuke/pkg/aws/s3/s3.go:186.16,188.3 1 1
github.com/soapiestwaffles/s3-nuke/pkg/aws/s3/s3.go:190.2,190.43 1 1
github.com/soapiestwaffles/s3-nuke/pkg/aws/s3/s3.go:193.91,199.16 3 1
github.com/soapiestwaffles/s3-nuke/pkg/aws/s3/s3.go:199.16,201.3 1 1
github.com/soapiestwaffles/s3-nuke/pkg/aws/s3/s3.go:203.2,203.37 1 1
github.com/soapiestwaffles/s3-nuke/pkg/aws/s3/s3.go:203.37,205.3 1 1
github.com/soapiestwaffles/s3-nuke/pkg/aws/s3/s3.go:207.2,207.47 1 1
github.com/soapiestwaffles/s3-nuke/pkg/aws/s3/s3.go:211.141,220.16 3 1
github.com/soapiestwaffles/s3-nuke/pkg/aws/s3/s3.go:220.16,222.3 1 1
github.com/soapiestwaffles/s3-nuke/pkg/aws/s3/s3.go:224.2,225.41 2 1
github.com/soapiestwaffles/s3-nuke/pkg/aws/s3/s3.go:225.41,227.3 1 1
github.com/soapiestwaffles/s3-nuke/pkg/aws/s3/s3.go:229.2,229.36 1 1
github.com/soapiestwaffles/s3-nuke/pkg/aws/s3/s3.go:229.36,231.3 1 1
github.com/soapiestwaffles/s3-nuke/pkg/aws/s3/s3.go:233.2,233.23 1 1
github.com/soapiestwaffles/s3-nuke/pkg/aws/s3/s3.go:236.181,249.16 3 1
github.com/soapiestwaffles/s3-nuke/pkg/aws/s3/s3.go:249.16,251.3 1 1
github.com/soapiestwaffles/s3-nuke/pkg/aws/s3/s3.go:253.2,254.42 2 1
github.com/soapiestwaffles/s3-nuke/pkg/aws/s3/s3.go:254.42,262.3 1 1
github.com/soapiestwaffles/s3-nuke/pkg/aws/s3/s3.go:264.2,264.52 1 1
github.com/soapiestwaffles/s3-nuke/pkg/aws/s3/s3.go:264.52,272.3 1 1
github.com/soapiestwaffles/s3-nuke/pkg/aws/s3/s3.go:274.2,274.72 1 1
github.com/soapiestwaffles/s3-nuke/pkg/aws/s3/s3.go:277.129,280.33 3 1
github.com/soapiestwaffles/s3-nuke/pkg/aws/s3/s3.go:280.33,285.3 1 1
github.com/soapiestwaffles/s3-nuke/pkg/aws/s3/s3.go:287.2,294.16 2 1
github.com/soapiestwaffles/s3-nuke/pkg/aws/s3/s3.go:294.16,296.3 1 1
github.com/soapiestwaffles/s3-nuke/pkg/aws/s3/s3.go:298.2,299.40 2 1
github.com/soapiestwaffles/s3-nuke/pkg/aws/s3/s3.go:299.40,304.3 1 1
github.com/soapiestwaffles/s3-nuke/pkg/aws/s3/s3.go:306.2,306.25 1 1
github.com/soapiestwaffles/s3-nuke/pkg/aws/s3/s3.go:309.64,311.18 1 1
github.com/soapiestwaffles/s3-nuke/pkg/aws/s3/s3.go:311.18,313.3 1 1
github.com/soapiestwaffles/s3-nuke/pkg/aws/s3/s3.go:316.2,317.16 2 1
github.com/soapiestwaffles/s3-nuke/pkg/aws/s3/s3.go:317.16,319.3 1 0
github.com/soapiestwaffles/s3-nuke/pkg/aws/s3/s3.go:321.2,321.51 1 1
github.com/soapiestwaffles/s3-nuke/pkg/aws/s3/s3.go:321.51,322.24 1 1
github.com/soapiestwaffles/s3-nuke/pkg/aws/s3/s3.go:322.24,324.4 1 1
github.com/soapiestwaffles/s3-nuke/tools/s3-gen/main.go:29.13,37.27 4 0
github.com/soapiestwaffles/s3-nuke/tools/s3-gen/main.go:37.27,40.3 2 0
github.com/soapiestwaffles/s3-nuke/tools/s3-gen/main.go:42.2,42.18 1 0
github.com/soapiestwaffles/s3-nuke/tools/s3-gen/main.go:42.18,48.51 3 0
github.com/soapiestwaffles/s3-nuke/tools/s3-gen/main.go:48.51,51.4 2 0
github.com/soapiestwaffles/s3-nuke/tools/s3-gen/main.go:54.2,63.56 5 0
github.com/soapiestwaffles/s3-nuke/tools/s3-gen/main.go:63.56,65.3 1 0
github.com/soapiestwaffles/s3-nuke/tools/s3-gen/main.go:66.2,67.56 2 0
github.com/soapiestwaffles/s3-nuke/tools/s3-gen/main.go:67.56,69.3 1 0
github.com/soapiestwaffles/s3-nuke/tools/s3-gen/main.go:70.2,71.57 2 0
github.com/soapiestwaffles/s3-nuke/tools/s3-gen/main.go:71.57,73.3 1 0
github.com/soapiestwaffles/s3-nuke/tools/s3-gen/main.go:75.2,75.41 1 0
github.com/soapiestwaffles/s3-nuke/tools/s3-gen/main.go:75.41,80.26 3 0
github.com/soapiestwaffles/s3-nuke/tools/s3-gen/main.go:80.26,82.4 1 0
github.com/soapiestwaffles/s3-nuke/tools/s3-gen/main.go:82.9,84.4 1 0
github.com/soapiestwaffles/s3-nuke/tools/s3-gen/main.go:85.3,85.17 1 0
github.com/soapiestwaffles/s3-nuke/tools/s3-gen/main.go:85.17,89.4 3 0
github.com/soapiestwaffles/s3-nuke/tools/s3-gen/main.go:90.3,94.17 3 0
github.com/soapiestwaffles/s3-nuke/tools/s3-gen/main.go:94.17,96.4 1 0
github.com/soapiestwaffles/s3-nuke/tools/s3-gen/main.go:97.3,97.42 1 0
github.com/soapiestwaffles/s3-nuke/tools/s3-gen/main.go:97.42,101.18 4 0
github.com/soapiestwaffles/s3-nuke/tools/s3-gen/main.go:101.18,105.5 3 0
github.com/soapiestwaffles/s3-nuke/tools/s3-gen/main.go:106.4,109.27 2 0
github.com/soapiestwaffles/s3-nuke/tools/s3-gen/main.go:109.27,111.19 2 0
github.com/soapiestwaffles/s3-nuke/tools/s3-gen/main.go:111.19,113.6 1 0
github.com/soapiestwaffles/s3-nuke/tools/s3-gen/main.go:114.5,114.45 1 0
github.com/soapiestwaffles/s3-nuke/tools/s3-gen/main.go:114.45,117.20 3 0
github.com/soapiestwaffles/s3-nuke/tools/s3-gen/main.go:117.20,121.7 3 0
github.com/soapiestwaffles/s3-nuke/tools/s3-gen/main.go:122.6,122.24 1 0
github.com/soapiestwaffles/s3-nuke/tools/s3-gen/main.go:128.2,131.35 3 0
github.com/soapiestwaffles/s3-nuke/tools/s3-metrics/main.go:34.13,40.17 2 0
github.com/soapiestwaffles/s3-nuke/tools/s3-metrics/main.go:40.17,48.3 7 0
github.com/soapiestwaffles/s3-nuke/tools/s3-metrics/main.go:50.2,50.60 1 0
github.com/soapiestwaffles/s3-nuke/tools/s3-metrics/main.go:50.60,51.62 1 0
github.com/soapiestwaffles/s3-nuke/tools/s3-metrics/main.go:51.62,53.4 1 0
github.com/soapiestwaffles/s3-nuke/tools/s3-metrics/main.go:56.2,56.27 1 0
github.com/soapiestwaffles/s3-nuke/tools/s3-metrics/main.go:56.27,58.3 1 0
github.com/soapiestwaffles/s3-nuke/tools/s3-metrics/main.go:60.2,61.15 2 0
github.com/soapiestwaffles/s3-nuke/tools/s3-metrics/main.go:61.15,64.3 2 0
github.com/soapiestwaffles/s3-nuke/tools/s3-metrics/main.go:64.8,66.3 1 0
github.com/soapiestwaffles/s3-nuke/tools/s3-metrics/main.go:69.2,82.23 10 0
github.com/soapiestwaffles/s3-nuke/tools/s3-metrics/main.go:82.23,85.3 2 0
github.com/soapiestwaffles/s3-nuke/tools/s3-metrics/main.go:88.2,90.16 3 0
github.com/soapiestwaffles/s3-nuke/tools/s3-metrics/main.go:90.16,93.3 2 0
github.com/soapiestwaffles/s3-nuke/tools/s3-metrics/main.go:94.2,97.16 3 0
github.com/soapiestwaffles/s3-nuke/tools/s3-metrics/main.go:97.16,100.3 2 0
github.com/soapiestwaffles/s3-nuke/tools/s3-metrics/main.go:101.2,109.16 7 0
github.com/soapiestwaffles/s3-nuke/tools/s3-metrics/main.go:109.16,112.3 2 0
github.com/soapiestwaffles/s3-nuke/tools/s3-metrics/main.go:114.2,115.16 2 0
github.com/soapiestwaffles/s3-nuke/tools/s3-metrics/main.go:115.16,118.3 2 0
github.com/soapiestwaffles/s3-nuke/tools/s3-metrics/main.go:119.2,121.78 2 0
github.com/soapiestwaffles/s3-nuke/tools/s3-metrics/main.go:121.78,125.3 3 0
github.com/soapiestwaffles/s3-nuke/tools/s3-metrics/main.go:127.2,155.74 5 0
github.com/soapiestwaffles/s3-nuke/tools/s3-metrics/main.go:155.74,157.3 1 0
github.com/soapiestwaffles/s3-nuke/tools/s3-metrics/main.go:159.2,159.72 1 0
github.com/soapiestwaffles/s3-nuke/tools/s3-metrics/main.go:159.72,161.3 1 0
github.com/soapiestwaffles/s3-nuke/tools/s3-metrics/main.go:163.2,177.108 13 0
github.com/soapiestwaffles/s3-nuke/internal/pkg/workers/s3.go:15.56,17.2 1 1
github.com/soapiestwaffles/s3-nuke/internal/pkg/workers/s3.go:20.31,22.2 1 1
github.com/soapiestwaffles/s3-nuke/internal/pkg/workers/s3.go:25.33,27.2 1 1
github.com/soapiestwaffles/s3-nuke/internal/pkg/workers/s3.go:30.92,33.36 2 1
github.com/soapiestwaffles/s3-nuke/internal/pkg/workers/s3.go:33.36,34.37 1 1
github.com/soapiestwaffles/s3-nuke/internal/pkg/workers/s3.go:34.37,35.49 1 1
github.com/soapiestwaffles/s3-nuke/internal/pkg/workers/s3.go:35.49,36.19 1 1
github.com/soapiestwaffles/s3-nuke/internal/pkg/workers/s3.go:40.3,40.38 1 1
github.com/soapiestwaffles/s3-nuke/internal/pkg/workers/s3.go:43.2,43.15 1 1
github.com/soapiestwaffles/s3-nuke/internal/pkg/workers/s3.go:53.187,60.24 3 1
github.com/soapiestwaffles/s3-nuke/internal/pkg/workers/s3.go:60.24,63.17 3 1
github.com/soapiestwaffles/s3-nuke/internal/pkg/workers/s3.go:63.17,65.4 1 1
github.com/soapiestwaffles/s3-nuke/internal/pkg/workers/s3.go:66.3,69.22 3 1
github.com/soapiestwaffles/s3-nuke/internal/pkg/workers/s3.go:69.22,71.4 1 1
github.com/soapiestwaffles/s3-nuke/internal/pkg/workers/s3.go:72.3,72.51 1 1
github.com/soapiestwaffles/s3-nuke/internal/pkg/workers/s3.go:72.51,75.4 2 1
github.com/soapiestwaffles/s3-nuke/internal/pkg/workers/s3.go:76.3,78.13 2 1
github.com/soapiestwaffles/s3-nuke/internal/pkg/workers/s3.go:82.2,82.28 1 1
github.com/soapiestwaffles/s3-nuke/internal/pkg/workers/s3.go:82.28,85.25 2 1
github.com/soapiestwaffles/s3-nuke/internal/pkg/workers/s3.go:85.25,87.18 2 1
github.com/soapiestwaffles/s3-nuke/internal/pkg/workers/s3.go:87.18,89.5 1 1
github.com/soapiestwaffles/s3-nuke/internal/pkg/workers/s3.go:93.2,93.20 1 1
github.com/soapiestwaffles/s3-nuke/internal/pkg/workers/s3.go:93.20,95.17 2 1
github.com/soapiestwaffles/s3-nuke/internal/pkg/workers/s3.go:95.17,97.4 1 1
github.com/soapiestwaffles/s3-nuke/internal/pkg/workers/s3.go:100.2,100.27 1 1
github.com/soapiestwaffles/s3-nuke/internal/pkg/workers/s3.go:108.130,112.6 3 1
github.com/soapiestwaffles/s3-nuke/internal/pkg/workers/s3.go:112.6,114.17 2 1
github.com/soapiestwaffles/s3-nuke/internal/pkg/workers/s3.go:114.17,116.4 1 1
github.com/soapiestwaffles/s3-nuke/internal/pkg/workers/s3.go:117.3,117.42 1 1
github.com/soapiestwaffles/s3-nuke/internal/pkg/workers/s3.go:117.42,120.4 2 1
github.com/soapiestwaffles/s3-nuke/internal/pkg/workers/s3.go:122.3,122.47 1 1
github.com/soapiestwaffles/s3-nuke/internal/pkg/workers/s3.go:122.47,123.9 1 1
github.com/soapiestwaffles/s3-nuke/internal/pkg/workers/s3.go:125.3,126.37 2 1
github.com/soapiestwaffles/s3-nuke/internal/pkg/workers/s3.go:129.2,129.26 1 1
